<?xml version="1.0" encoding="UTF-8"?>
<testsuite name="org.eclipse.hawkbit.repository.jpa.RolloutManagementTest" time="10.643" tests="38" errors="0" skipped="0" failures="0">
  <properties>
    <property name="java.runtime.name" value="OpenJDK Runtime Environment"/>
    <property name="sun.boot.library.path" value="/usr/lib/jvm/java-8-openjdk-amd64/jre/lib/amd64"/>
    <property name="java.vm.version" value="25.151-b12"/>
    <property name="java.vm.vendor" value="Oracle Corporation"/>
    <property name="maven.multiModuleProjectDirectory" value="/home/apoorva/hawkbit"/>
    <property name="java.vendor.url" value="http://java.oracle.com/"/>
    <property name="path.separator" value=":"/>
    <property name="guice.disable.misplaced.annotation.check" value="true"/>
    <property name="java.vm.name" value="OpenJDK 64-Bit Server VM"/>
    <property name="file.encoding.pkg" value="sun.io"/>
    <property name="user.country" value="IN"/>
    <property name="sun.java.launcher" value="SUN_STANDARD"/>
    <property name="sun.os.patch.level" value="unknown"/>
    <property name="java.vm.specification.name" value="Java Virtual Machine Specification"/>
    <property name="user.dir" value="/home/apoorva/hawkbit"/>
    <property name="java.runtime.version" value="1.8.0_151-8u151-b12-0ubuntu0.16.04.2-b12"/>
    <property name="java.awt.graphicsenv" value="sun.awt.X11GraphicsEnvironment"/>
    <property name="java.endorsed.dirs" value="/usr/lib/jvm/java-8-openjdk-amd64/jre/lib/endorsed"/>
    <property name="os.arch" value="amd64"/>
    <property name="java.io.tmpdir" value="/tmp"/>
    <property name="line.separator" value="&#10;"/>
    <property name="java.vm.specification.vendor" value="Oracle Corporation"/>
    <property name="os.name" value="Linux"/>
    <property name="classworlds.conf" value="/usr/share/maven/bin/m2.conf"/>
    <property name="sun.jnu.encoding" value="UTF-8"/>
    <property name="java.library.path" value="/usr/java/packages/lib/amd64:/usr/lib/x86_64-linux-gnu/jni:/lib/x86_64-linux-gnu:/usr/lib/x86_64-linux-gnu:/usr/lib/jni:/lib:/usr/lib"/>
    <property name="java.specification.name" value="Java Platform API Specification"/>
    <property name="java.class.version" value="52.0"/>
    <property name="sun.management.compiler" value="HotSpot 64-Bit Tiered Compilers"/>
    <property name="os.version" value="4.4.0-112-generic"/>
    <property name="user.home" value="/root"/>
    <property name="user.timezone" value="Asia/Kolkata"/>
    <property name="java.awt.printerjob" value="sun.print.PSPrinterJob"/>
    <property name="file.encoding" value="UTF-8"/>
    <property name="java.specification.version" value="1.8"/>
    <property name="user.name" value="root"/>
    <property name="java.class.path" value="/usr/share/maven/boot/plexus-classworlds-2.x.jar"/>
    <property name="java.vm.specification.version" value="1.8"/>
    <property name="sun.arch.data.model" value="64"/>
    <property name="java.home" value="/usr/lib/jvm/java-8-openjdk-amd64/jre"/>
    <property name="sun.java.command" value="org.codehaus.plexus.classworlds.launcher.Launcher clean install"/>
    <property name="java.specification.vendor" value="Oracle Corporation"/>
    <property name="user.language" value="en"/>
    <property name="awt.toolkit" value="sun.awt.X11.XToolkit"/>
    <property name="java.vm.info" value="mixed mode"/>
    <property name="java.version" value="1.8.0_151"/>
    <property name="java.ext.dirs" value="/usr/lib/jvm/java-8-openjdk-amd64/jre/lib/ext:/usr/java/packages/lib/ext"/>
    <property name="securerandom.source" value="file:/dev/./urandom"/>
    <property name="sun.boot.class.path" value="/usr/lib/jvm/java-8-openjdk-amd64/jre/lib/resources.jar:/usr/lib/jvm/java-8-openjdk-amd64/jre/lib/rt.jar:/usr/lib/jvm/java-8-openjdk-amd64/jre/lib/sunrsasign.jar:/usr/lib/jvm/java-8-openjdk-amd64/jre/lib/jsse.jar:/usr/lib/jvm/java-8-openjdk-amd64/jre/lib/jce.jar:/usr/lib/jvm/java-8-openjdk-amd64/jre/lib/charsets.jar:/usr/lib/jvm/java-8-openjdk-amd64/jre/lib/jfr.jar:/usr/lib/jvm/java-8-openjdk-amd64/jre/classes"/>
    <property name="java.vendor" value="Oracle Corporation"/>
    <property name="maven.home" value="/usr/share/maven"/>
    <property name="file.separator" value="/"/>
    <property name="java.vendor.url.bug" value="http://bugreport.sun.com/bugreport/"/>
    <property name="sun.cpu.endian" value="little"/>
    <property name="sun.io.unicode.encoding" value="UnicodeLittle"/>
    <property name="sun.cpu.isalist" value=""/>
  </properties>
  <testcase name="createRolloutWithIllegalAmountOfGroups" classname="org.eclipse.hawkbit.repository.jpa.RolloutManagementTest" time="0.14"/>
  <testcase name="createAndStartRollout" classname="org.eclipse.hawkbit.repository.jpa.RolloutManagementTest" time="0.774"/>
  <testcase name="errorActionPausesRolloutAndRolloutGetsResumedStartsNextScheduledGroup" classname="org.eclipse.hawkbit.repository.jpa.RolloutManagementTest" time="0.13"/>
  <testcase name="targetsOfRolloutGetDistributionSetAssignmentByOtherRollout" classname="org.eclipse.hawkbit.repository.jpa.RolloutManagementTest" time="0.181"/>
  <testcase name="createAndStartRolloutDuringCreationFails" classname="org.eclipse.hawkbit.repository.jpa.RolloutManagementTest" time="0.032"/>
  <testcase name="entityQueriesReferringToNotExistingEntitiesThrowsException" classname="org.eclipse.hawkbit.repository.jpa.RolloutManagementTest" time="0.804"/>
  <testcase name="createRolloutWithGroupDefinition" classname="org.eclipse.hawkbit.repository.jpa.RolloutManagementTest" time="1.897"/>
  <testcase name="startRolloutSetFirstGroupAndActionsInRunningStateAndOthersInScheduleState" classname="org.eclipse.hawkbit.repository.jpa.RolloutManagementTest" time="0.089"/>
  <testcase name="createRolloutNotMatchingTargets" classname="org.eclipse.hawkbit.repository.jpa.RolloutManagementTest" time="0.019"/>
  <testcase name="rolloutShouldNotCancelRunningActionWithTheSameDistributionSet" classname="org.eclipse.hawkbit.repository.jpa.RolloutManagementTest" time="0.064"/>
  <testcase name="countCorrectStatusForEachTargetGroupDuringRollout" classname="org.eclipse.hawkbit.repository.jpa.RolloutManagementTest" time="0.092"/>
  <testcase name="errorConditionExceeded" classname="org.eclipse.hawkbit.repository.jpa.RolloutManagementTest" time="0.078"/>
  <testcase name="createRolloutWithGroupsNotMatchingTargets" classname="org.eclipse.hawkbit.repository.jpa.RolloutManagementTest" time="0.177"/>
  <testcase name="countRolloutsAllByFilters" classname="org.eclipse.hawkbit.repository.jpa.RolloutManagementTest" time="0.239"/>
  <testcase name="countCorrectStatusForEachTargetDuringRolloutWithError" classname="org.eclipse.hawkbit.repository.jpa.RolloutManagementTest" time="0.08"/>
  <testcase name="deleteRolloutWhichHasNeverStartedIsHardDeleted" classname="org.eclipse.hawkbit.repository.jpa.RolloutManagementTest" time="0.856"/>
  <testcase name="checkRunningRolloutsDoesNotStartNextGroupIfFinishConditionIsNotHit" classname="org.eclipse.hawkbit.repository.jpa.RolloutManagementTest" time="0.099"/>
  <testcase name="creatingRolloutIsCorrectPersisted" classname="org.eclipse.hawkbit.repository.jpa.RolloutManagementTest" time="0.053"/>
  <testcase name="successConditionNotAchieved" classname="org.eclipse.hawkbit.repository.jpa.RolloutManagementTest" time="0.074"/>
  <testcase name="getFinishedPercentForRunningGroup" classname="org.eclipse.hawkbit.repository.jpa.RolloutManagementTest" time="0.119"/>
  <testcase name="deleteRolloutWhichHasBeenStartedBeforeIsSoftDeleted" classname="org.eclipse.hawkbit.repository.jpa.RolloutManagementTest" time="1.309"/>
  <testcase name="checkErrorHitOfGroupCallsErrorActionToPauseTheRollout" classname="org.eclipse.hawkbit.repository.jpa.RolloutManagementTest" time="0.084"/>
  <testcase name="findAllRolloutsWithDetailedStatus" classname="org.eclipse.hawkbit.repository.jpa.RolloutManagementTest" time="0.306"/>
  <testcase name="countCorrectStatusForEachTargetDuringRollout" classname="org.eclipse.hawkbit.repository.jpa.RolloutManagementTest" time="0.257"/>
  <testcase name="createRolloutWithIllegalPercentage" classname="org.eclipse.hawkbit.repository.jpa.RolloutManagementTest" time="0.032"/>
  <testcase name="findRolloutGroupTargetsWithRsqlParam" classname="org.eclipse.hawkbit.repository.jpa.RolloutManagementTest" time="0.136"/>
  <testcase name="targetsOfRolloutGetsManuelDsAssignment" classname="org.eclipse.hawkbit.repository.jpa.RolloutManagementTest" time="0.11"/>
  <testcase name="checkRunningRolloutsStartsNextGroupIfTargetsDeleted" classname="org.eclipse.hawkbit.repository.jpa.RolloutManagementTest" time="0.17"/>
  <testcase name="createAndStartRolloutWithEmptyGroups" classname="org.eclipse.hawkbit.repository.jpa.RolloutManagementTest" time="0.564"/>
  <testcase name="createAndAutoStartRollout" classname="org.eclipse.hawkbit.repository.jpa.RolloutManagementTest" time="0.618"/>
  <testcase name="findRolloutByName" classname="org.eclipse.hawkbit.repository.jpa.RolloutManagementTest" time="0.031"/>
  <testcase name="findRolloutByFilters" classname="org.eclipse.hawkbit.repository.jpa.RolloutManagementTest" time="0.286"/>
  <testcase name="rightCountForAllRollouts" classname="org.eclipse.hawkbit.repository.jpa.RolloutManagementTest" time="0.222"/>
  <testcase name="startSecondRolloutAfterFristRolloutEndenWithErrors" classname="org.eclipse.hawkbit.repository.jpa.RolloutManagementTest" time="0.172"/>
  <testcase name="successConditionAchievedAndErrorConditionNotExceeded" classname="org.eclipse.hawkbit.repository.jpa.RolloutManagementTest" time="0.069"/>
  <testcase name="nonExistingEntityAccessReturnsNotPresent" classname="org.eclipse.hawkbit.repository.jpa.RolloutManagementTest" time="0.113"/>
  <testcase name="createDuplicateRollout" classname="org.eclipse.hawkbit.repository.jpa.RolloutManagementTest" time="0.044"/>
  <testcase name="rolloutStartsGroupAfterGroupAndGetsFinished" classname="org.eclipse.hawkbit.repository.jpa.RolloutManagementTest" time="0.123"/>
</testsuite>