<?xml version="1.0" encoding="UTF-8"?>
<testsuite name="org.eclipse.hawkbit.integration.AmqpMessageHandlerServiceIntegrationTest" time="26.118" tests="41" errors="0" skipped="0" failures="0">
  <properties>
    <property name="java.runtime.name" value="OpenJDK Runtime Environment"/>
    <property name="sun.boot.library.path" value="/usr/lib/jvm/java-8-openjdk-amd64/jre/lib/amd64"/>
    <property name="java.vm.version" value="25.151-b12"/>
    <property name="java.vm.vendor" value="Oracle Corporation"/>
    <property name="maven.multiModuleProjectDirectory" value="/home/apoorva/hawkbit"/>
    <property name="java.vendor.url" value="http://java.oracle.com/"/>
    <property name="path.separator" value=":"/>
    <property name="guice.disable.misplaced.annotation.check" value="true"/>
    <property name="java.vm.name" value="OpenJDK 64-Bit Server VM"/>
    <property name="file.encoding.pkg" value="sun.io"/>
    <property name="user.country" value="IN"/>
    <property name="sun.java.launcher" value="SUN_STANDARD"/>
    <property name="sun.os.patch.level" value="unknown"/>
    <property name="java.vm.specification.name" value="Java Virtual Machine Specification"/>
    <property name="user.dir" value="/home/apoorva/hawkbit"/>
    <property name="java.runtime.version" value="1.8.0_151-8u151-b12-0ubuntu0.16.04.2-b12"/>
    <property name="java.awt.graphicsenv" value="sun.awt.X11GraphicsEnvironment"/>
    <property name="java.endorsed.dirs" value="/usr/lib/jvm/java-8-openjdk-amd64/jre/lib/endorsed"/>
    <property name="os.arch" value="amd64"/>
    <property name="java.io.tmpdir" value="/tmp"/>
    <property name="line.separator" value="&#10;"/>
    <property name="java.vm.specification.vendor" value="Oracle Corporation"/>
    <property name="os.name" value="Linux"/>
    <property name="classworlds.conf" value="/usr/share/maven/bin/m2.conf"/>
    <property name="sun.jnu.encoding" value="UTF-8"/>
    <property name="java.library.path" value="/usr/java/packages/lib/amd64:/usr/lib/x86_64-linux-gnu/jni:/lib/x86_64-linux-gnu:/usr/lib/x86_64-linux-gnu:/usr/lib/jni:/lib:/usr/lib"/>
    <property name="java.specification.name" value="Java Platform API Specification"/>
    <property name="java.class.version" value="52.0"/>
    <property name="sun.management.compiler" value="HotSpot 64-Bit Tiered Compilers"/>
    <property name="os.version" value="4.4.0-112-generic"/>
    <property name="user.home" value="/root"/>
    <property name="user.timezone" value="Asia/Kolkata"/>
    <property name="java.awt.printerjob" value="sun.print.PSPrinterJob"/>
    <property name="file.encoding" value="UTF-8"/>
    <property name="java.specification.version" value="1.8"/>
    <property name="user.name" value="root"/>
    <property name="java.class.path" value="/usr/share/maven/boot/plexus-classworlds-2.x.jar"/>
    <property name="java.vm.specification.version" value="1.8"/>
    <property name="sun.arch.data.model" value="64"/>
    <property name="java.home" value="/usr/lib/jvm/java-8-openjdk-amd64/jre"/>
    <property name="sun.java.command" value="org.codehaus.plexus.classworlds.launcher.Launcher clean install"/>
    <property name="java.specification.vendor" value="Oracle Corporation"/>
    <property name="user.language" value="en"/>
    <property name="awt.toolkit" value="sun.awt.X11.XToolkit"/>
    <property name="java.vm.info" value="mixed mode"/>
    <property name="java.version" value="1.8.0_151"/>
    <property name="java.ext.dirs" value="/usr/lib/jvm/java-8-openjdk-amd64/jre/lib/ext:/usr/java/packages/lib/ext"/>
    <property name="securerandom.source" value="file:/dev/./urandom"/>
    <property name="sun.boot.class.path" value="/usr/lib/jvm/java-8-openjdk-amd64/jre/lib/resources.jar:/usr/lib/jvm/java-8-openjdk-amd64/jre/lib/rt.jar:/usr/lib/jvm/java-8-openjdk-amd64/jre/lib/sunrsasign.jar:/usr/lib/jvm/java-8-openjdk-amd64/jre/lib/jsse.jar:/usr/lib/jvm/java-8-openjdk-amd64/jre/lib/jce.jar:/usr/lib/jvm/java-8-openjdk-amd64/jre/lib/charsets.jar:/usr/lib/jvm/java-8-openjdk-amd64/jre/lib/jfr.jar:/usr/lib/jvm/java-8-openjdk-amd64/jre/classes"/>
    <property name="java.vendor" value="Oracle Corporation"/>
    <property name="maven.home" value="/usr/share/maven"/>
    <property name="file.separator" value="/"/>
    <property name="java.vendor.url.bug" value="http://bugreport.sun.com/bugreport/"/>
    <property name="sun.cpu.endian" value="little"/>
    <property name="sun.io.unicode.encoding" value="UnicodeLittle"/>
    <property name="sun.cpu.isalist" value=""/>
  </properties>
  <testcase name="missingThingIdProperty" classname="org.eclipse.hawkbit.integration.AmqpMessageHandlerServiceIntegrationTest" time="0.865"/>
  <testcase name="updateActionStatusWithEmptyContent" classname="org.eclipse.hawkbit.integration.AmqpMessageHandlerServiceIntegrationTest" time="0.294"/>
  <testcase name="registerTargets" classname="org.eclipse.hawkbit.integration.AmqpMessageHandlerServiceIntegrationTest" time="0.629"/>
  <testcase name="receiveDownLoadAndInstallMessageAfterAssignment" classname="org.eclipse.hawkbit.integration.AmqpMessageHandlerServiceIntegrationTest" time="1.598"/>
  <testcase name="invalidTopicHeader" classname="org.eclipse.hawkbit.integration.AmqpMessageHandlerServiceIntegrationTest" time="0.281"/>
  <testcase name="canceledRejectedActionStatus" classname="org.eclipse.hawkbit.integration.AmqpMessageHandlerServiceIntegrationTest" time="1.724"/>
  <testcase name="wrongContentType" classname="org.eclipse.hawkbit.integration.AmqpMessageHandlerServiceIntegrationTest" time="0.265"/>
  <testcase name="updateActionStatusWithInvalidJsonContent" classname="org.eclipse.hawkbit.integration.AmqpMessageHandlerServiceIntegrationTest" time="0.257"/>
  <testcase name="tenantNotExist" classname="org.eclipse.hawkbit.integration.AmqpMessageHandlerServiceIntegrationTest" time="0.255"/>
  <testcase name="receiveCancelUpdateMessageAfterAssignmentWasCanceled" classname="org.eclipse.hawkbit.integration.AmqpMessageHandlerServiceIntegrationTest" time="1.221"/>
  <testcase name="cancelNotAllowActionStatus" classname="org.eclipse.hawkbit.integration.AmqpMessageHandlerServiceIntegrationTest" time="1.36"/>
  <testcase name="emptyTenantHeader" classname="org.eclipse.hawkbit.integration.AmqpMessageHandlerServiceIntegrationTest" time="0.244"/>
  <testcase name="missingTypeHeader" classname="org.eclipse.hawkbit.integration.AmqpMessageHandlerServiceIntegrationTest" time="0.257"/>
  <testcase name="updateAttributes" classname="org.eclipse.hawkbit.integration.AmqpMessageHandlerServiceIntegrationTest" time="0.56"/>
  <testcase name="errorActionStatus" classname="org.eclipse.hawkbit.integration.AmqpMessageHandlerServiceIntegrationTest" time="1.465"/>
  <testcase name="actionNotExists" classname="org.eclipse.hawkbit.integration.AmqpMessageHandlerServiceIntegrationTest" time="1.622"/>
  <testcase name="emptyTypeHeader" classname="org.eclipse.hawkbit.integration.AmqpMessageHandlerServiceIntegrationTest" time="0.236"/>
  <testcase name="retrievedActionStatus" classname="org.eclipse.hawkbit.integration.AmqpMessageHandlerServiceIntegrationTest" time="1.333"/>
  <testcase name="missingTopicHeader" classname="org.eclipse.hawkbit.integration.AmqpMessageHandlerServiceIntegrationTest" time="0.249"/>
  <testcase name="pingDmfInterface" classname="org.eclipse.hawkbit.integration.AmqpMessageHandlerServiceIntegrationTest" time="0.163"/>
  <testcase name="nullTopicHeader" classname="org.eclipse.hawkbit.integration.AmqpMessageHandlerServiceIntegrationTest" time="0.251"/>
  <testcase name="finishActionStatus" classname="org.eclipse.hawkbit.integration.AmqpMessageHandlerServiceIntegrationTest" time="1.428"/>
  <testcase name="downloadActionStatus" classname="org.eclipse.hawkbit.integration.AmqpMessageHandlerServiceIntegrationTest" time="1.311"/>
  <testcase name="registerWhitespaceTarget" classname="org.eclipse.hawkbit.integration.AmqpMessageHandlerServiceIntegrationTest" time="0.238"/>
  <testcase name="emptyTopicHeader" classname="org.eclipse.hawkbit.integration.AmqpMessageHandlerServiceIntegrationTest" time="0.255"/>
  <testcase name="invalidTypeHeader" classname="org.eclipse.hawkbit.integration.AmqpMessageHandlerServiceIntegrationTest" time="0.253"/>
  <testcase name="registerEmptyTarget" classname="org.eclipse.hawkbit.integration.AmqpMessageHandlerServiceIntegrationTest" time="0.231"/>
  <testcase name="missingReplyToProperty" classname="org.eclipse.hawkbit.integration.AmqpMessageHandlerServiceIntegrationTest" time="0.235"/>
  <testcase name="nullThingIdProperty" classname="org.eclipse.hawkbit.integration.AmqpMessageHandlerServiceIntegrationTest" time="0.232"/>
  <testcase name="updateAttributesWithNoThingId" classname="org.eclipse.hawkbit.integration.AmqpMessageHandlerServiceIntegrationTest" time="0.647"/>
  <testcase name="canceledRejectedNotAllowActionStatus" classname="org.eclipse.hawkbit.integration.AmqpMessageHandlerServiceIntegrationTest" time="1.306"/>
  <testcase name="missingTenantHeader" classname="org.eclipse.hawkbit.integration.AmqpMessageHandlerServiceIntegrationTest" time="0.232"/>
  <testcase name="updateAttributesWithWrongBody" classname="org.eclipse.hawkbit.integration.AmqpMessageHandlerServiceIntegrationTest" time="0.539"/>
  <testcase name="nullTypeHeader" classname="org.eclipse.hawkbit.integration.AmqpMessageHandlerServiceIntegrationTest" time="0.228"/>
  <testcase name="registerInvalidNullTargets" classname="org.eclipse.hawkbit.integration.AmqpMessageHandlerServiceIntegrationTest" time="0.228"/>
  <testcase name="warningActionStatus" classname="org.eclipse.hawkbit.integration.AmqpMessageHandlerServiceIntegrationTest" time="1.3"/>
  <testcase name="emptyReplyToProperty" classname="org.eclipse.hawkbit.integration.AmqpMessageHandlerServiceIntegrationTest" time="0.237"/>
  <testcase name="runningActionStatus" classname="org.eclipse.hawkbit.integration.AmqpMessageHandlerServiceIntegrationTest" time="1.405"/>
  <testcase name="updateActionStatusWithInvalidActionId" classname="org.eclipse.hawkbit.integration.AmqpMessageHandlerServiceIntegrationTest" time="0.23"/>
  <testcase name="updateActionStatusWithNullContent" classname="org.eclipse.hawkbit.integration.AmqpMessageHandlerServiceIntegrationTest" time="0.226"/>
  <testcase name="nullTenantHeader" classname="org.eclipse.hawkbit.integration.AmqpMessageHandlerServiceIntegrationTest" time="0.228"/>
</testsuite>