<!--

    Copyright (c) 2015 Bosch Software Innovations GmbH and others.

    All rights reserved. This program and the accompanying materials
    are made available under the terms of the Eclipse Public License v1.0
    which accompanies this distribution, and is available at
    http://www.eclipse.org/legal/epl-v10.html

-->
<assembly xmlns="http://maven.apache.org/plugins/maven-assembly-plugin/assembly/1.1.0" xmlns:xsi="http://www.w3.org/2001/XMLSchema-instance"
   xsi:schemaLocation="http://maven.apache.org/plugins/maven-assembly-plugin/assembly/1.1.0 http://maven.apache.org/xsd/assembly-1.1.0.xsd">
   <id>testReport</id>
   <baseDirectory>/</baseDirectory>
   <includeBaseDirectory>false</includeBaseDirectory>
   <formats>
      <format>zip</format>
   </formats>
   <fileSets>
      <fileSet>
         <directory>${project.build.directory}/allure-results</directory>
         <outputDirectory>/</outputDirectory>
      </fileSet>
   </fileSets>
</assembly>
